This file contains any messages produced by compilers while
running configure, to aid debugging if configure makes a mistake.

It was created by zigbee_stack configure 1.0, which was
generated by GNU Autoconf 2.69.  Invocation command line was

  $ /home/alex/diplom/configure --prefix=/usr --srcdir=/home/alex/diplom --host=i486-pc-nto-qnx6.5.0 --build=x86_64-linux-gnu CC=i486-pc-nto-qnx6.5.0-gcc-8.3.0   CXX=i486-pc-nto-qnx6.5.0-g++-8.3.0   AS=i486-pc-nto-qnx6.5.0-as  LD=i486-pc-nto-qnx6.5.0-ld  CFLAGS=-D_QNX_SOURCE=1 -fno-aggressive-loop-optimizations -DNDEBUG   -I. -I/home/alex/diplom/nto/x86/o -I/home/alex/diplom/nto/x86 -I/home/alex/diplom/nto -I/home/alex/diplom -I/home/alex/diplom/.install/neutrino/x86/usr/include -I/home/alex/diplom/.install/neutrino/usr/include -I/home/alex/diplom/.install/neutrino/include -I/opt/kpdatrunkeip/target/neutrino/x86/usr/include -I/opt/kpdatrunkeip/target/neutrino/usr/include -I/opt/kpdatrunkeip/target/neutrino/include     -DBUILDENV_qss  CPPFLAGS=-D_QNX_SOURCE=1 -fno-aggressive-loop-optimizations -DNDEBUG -I. -I/home/alex/diplom/nto/x86/o -I/home/alex/diplom/nto/x86 -I/home/alex/diplom/nto -I/home/alex/diplom -I/home/alex/diplom/.install/neutrino/x86/usr/include -I/home/alex/diplom/.install/neutrino/usr/include -I/home/alex/diplom/.install/neutrino/include -I/opt/kpdatrunkeip/target/neutrino/x86/usr/include -I/opt/kpdatrunkeip/target/neutrino/usr/include -I/opt/kpdatrunkeip/target/neutrino/include -DBUILDENV_qss CXXFLAGS=-fno-aggressive-loop-optimizations -DNDEBUG   -I. -I/home/alex/diplom/nto/x86/o -I/home/alex/diplom/nto/x86 -I/home/alex/diplom/nto -I/home/alex/diplom -I/home/alex/diplom/.install/neutrino/x86/usr/include -I/home/alex/diplom/.install/neutrino/usr/include -I/home/alex/diplom/.install/neutrino/include -I/opt/kpdatrunkeip/target/neutrino/x86/usr/include -I/opt/kpdatrunkeip/target/neutrino/usr/include -I/opt/kpdatrunkeip/target/neutrino/include     -DBUILDENV_qss  LDFLAGS=-L. -L/opt/kpdatrunkeip/target/neutrino/x86/lib/gcc/8.3.0 -L/opt/kpdatrunkeip/target/neutrino/x86/usr/lib/gcc/8.3.0 -L/home/alex/diplom/.install/neutrino/x86/lib -L/home/alex/diplom/.install/neutrino/x86/usr/lib -L/opt/kpdatrunkeip/target/neutrino/x86/lib -L/opt/kpdatrunkeip/target/neutrino/x86/usr/lib     AUTOMAKE=: AUTOCONF=: AUTOHEADER=: AUTORECONF=: ACLOCAL=:

## --------- ##
## Platform. ##
## --------- ##

hostname = efbad4e2611a
uname -m = x86_64
uname -r = 6.8.0-57-generic
uname -s = Linux
uname -v = #59~22.04.1-Ubuntu SMP PREEMPT_DYNAMIC Wed Mar 19 17:07:41 UTC 2

/usr/bin/uname -p = x86_64
/bin/uname -X     = unknown

/bin/arch              = x86_64
/usr/bin/arch -k       = unknown
/usr/convex/getsysinfo = unknown
/usr/bin/hostinfo      = unknown
/bin/machine           = unknown
/usr/bin/oslevel       = unknown
/bin/universe          = unknown

PATH: /opt/kpdatrunkeip/host/linux64/x86_64/usr/bin
PATH: /opt/kpdatrunkeip/host/linux64/x86_64/usr/bin
PATH: /usr/local/sbin
PATH: /usr/local/bin
PATH: /usr/sbin
PATH: /usr/bin
PATH: /sbin
PATH: /bin


## ----------- ##
## Core tests. ##
## ----------- ##

configure:2086: checking for a BSD-compatible install
configure:2154: result: /usr/bin/install -c
configure:2165: checking whether build environment is sane
configure:2220: result: yes
configure:2277: checking for i486-pc-nto-qnx6.5.0-strip
configure:2293: found /opt/kpdatrunkeip/host/linux64/x86_64/usr/bin/i486-pc-nto-qnx6.5.0-strip
configure:2304: result: i486-pc-nto-qnx6.5.0-strip
configure:2369: checking for a thread-safe mkdir -p
configure:2408: result: /usr/bin/mkdir -p
configure:2415: checking for gawk
configure:2431: found /usr/bin/gawk
configure:2442: result: gawk
configure:2453: checking whether make sets $(MAKE)
configure:2475: result: yes
configure:2504: checking whether make supports nested variables
configure:2521: result: yes
configure:2657: checking for i486-pc-nto-qnx6.5.0-gcc
configure:2684: result: i486-pc-nto-qnx6.5.0-gcc-8.3.0  
configure:2953: checking for C compiler version
configure:2962: i486-pc-nto-qnx6.5.0-gcc-8.3.0   --version >&5
i486-pc-nto-qnx6.5.0-gcc-8.3.0 (kpda_01e860105b_b16) 8.3.0
Copyright (C) 2018 Free Software Foundation, Inc.
This is free software; see the source for copying conditions.  There is NO
warranty; not even for MERCHANTABILITY or FITNESS FOR A PARTICULAR PURPOSE.

configure:2973: $? = 0
configure:2962: i486-pc-nto-qnx6.5.0-gcc-8.3.0   -v >&5
Using built-in specs.
COLLECT_GCC=i486-pc-nto-qnx6.5.0-gcc-8.3.0
COLLECT_LTO_WRAPPER=/opt/kpdatrunkeip/host/linux64/x86_64/usr/lib/gcc/i486-pc-nto-qnx6.5.0/8.3.0/lto-wrapper
Target: i486-pc-nto-qnx6.5.0
Configured with: /build/gcc-src/configure --prefix=/usr --srcdir=/build/gcc-src --prefix=/usr --with-sysroot= --with-build-sysroot=/opt/kpdatrunkei/target/neutrino --libexecdir=/usr/lib --with-gxx-include-dir=/usr/include/c++/8.3.0 --program-prefix=i486-pc-nto-qnx6.5.0- --program-suffix=-8.3.0 --disable-libstdcxx --with-default-libstdcxx-abi=gcc4-compatible --target=i486-pc-nto-qnx6.5.0 --disable-nls --disable-tls --disable-libssp --enable-libgomp --disable-werror --enable-languages=c++,fortran --enable-threads=posix --enable-__cxa_atexit --with-bugurl=http://www.kpda.ru/support --with-pkgversion=kpda_01e860105b_b16 --disable-shared --disable-libstdcxx-pch --enable-version-specific-runtime-libs --host=x86_64-linux-gnu --build=x86_64-linux-gnu CC='x86_64-linux-gnu-gcc -march=x86-64 -mtune=generic' CXX='x86_64-linux-gnu-g++ -march=x86-64 -mtune=generic' AS=as LD=ld CFLAGS='-O2 -D_QNX_SOURCE -DNDEBUG   -I. -I. -I/build/gcc-src/linux64/x86_64/ntox86 -I/build/gcc-src/linux64/x86_64 -I/build/gcc-src/linux64 -I/build/gcc-src -I/build/.install/linux64/x86_64/usr/local/include -I/build/.install/linux64/x86_64/usr/include -I/build/.install/linux64/usr/local/include -I/build/.install/linux64/usr/include -I/opt/kpdatrunkei/host/linux64/x86_64/../../linux64/x86_64/usr/local/include -I/opt/kpdatrunkei/host/linux64/x86_64/../../linux64/x86_64/usr/include -I/opt/kpdatrunkei/host/linux64/x86_64/../../linux64/usr/local/include -I/opt/kpdatrunkei/host/linux64/x86_64/../../linux64/usr/include -I/build/.install/linux64/x86_64/usr/local/include -I/build/.install/linux64/x86_64/usr/include -I/build/.install/linux64/usr/local/include -I/build/.install/linux64/usr/include -I/opt/kpdatrunkei/host/linux64/x86_64/../../linux64/x86_64/usr/local/include -I/opt/kpdatrunkei/host/linux64/x86_64/../../linux64/x86_64/usr/include -I/opt/kpdatrunkei/host/linux64/x86_64/../../linux64/usr/local/include -I/opt/kpdatrunkei/host/linux64/x86_64/../../linux64/usr/include     -I. -I. -I/build/gcc-src/linux64/x86_64/ntox86 -I/build/gcc-src/linux64/x86_64 -I/build/gcc-src/linux64 -I/build/gcc-src -I/build/.install/linux64/x86_64/usr/local/include -I/build/.install/linux64/x86_64/usr/include -I/build/.install/linux64/usr/local/include -I/build/.install/linux64/usr/include -I/opt/kpdatrunkei/host/linux64/x86_64/../../linux64/x86_64/usr/local/include -I/opt/kpdatrunkei/host/linux64/x86_64/../../linux64/x86_64/usr/include -I/opt/kpdatrunkei/host/linux64/x86_64/../../linux64/usr/local/include -I/opt/kpdatrunkei/host/linux64/x86_64/../../linux64/usr/include -I/build/.install/linux64/x86_64/usr/local/include -I/build/.install/linux64/x86_64/usr/include -I/build/.install/linux64/usr/local/include -I/build/.install/linux64/usr/include -I/opt/kpdatrunkei/host/linux64/x86_64/../../linux64/x86_64/usr/local/include -I/opt/kpdatrunkei/host/linux64/x86_64/../../linux64/x86_64/usr/include -I/opt/kpdatrunkei/host/linux64/x86_64/../../linux64/usr/local/include -I/opt/kpdatrunkei/host/linux64/x86_64/../../linux64/usr/include        -DVARIANT_ntox86 -DBUILDENV_qss ' CPPFLAGS='-DNDEBUG -I. -I. -I/build/gcc-src/linux64/x86_64/ntox86 -I/build/gcc-src/linux64/x86_64 -I/build/gcc-src/linux64 -I/build/gcc-src -I/build/.install/linux64/x86_64/usr/local/include -I/build/.install/linux64/x86_64/usr/include -I/build/.install/linux64/usr/local/include -I/build/.install/linux64/usr/include -I/opt/kpdatrunkei/host/linux64/x86_64/../../linux64/x86_64/usr/local/include -I/opt/kpdatrunkei/host/linux64/x86_64/../../linux64/x86_64/usr/include -I/opt/kpdatrunkei/host/linux64/x86_64/../../linux64/usr/local/include -I/opt/kpdatrunkei/host/linux64/x86_64/../../linux64/usr/include -I/build/.install/linux64/x86_64/usr/local/include -I/build/.install/linux64/x86_64/usr/include -I/build/.install/linux64/usr/local/include -I/build/.install/linux64/usr/include -I/opt/kpdatrunkei/host/linux64/x86_64/../../linux64/x86_64/usr/local/include -I/opt/kpdatrunkei/host/linux64/x86_64/../../linux64/x86_64/usr/include -I/opt/kpdatrunkei/host/linux64/x86_64/../../linux64/usr/local/include -I/opt/kpdatrunkei/host/linux64/x86_64/../../linux64/usr/include -I. -I. -I/build/gcc-src/linux64/x86_64/ntox86 -I/build/gcc-src/linux64/x86_64 -I/build/gcc-src/linux64 -I/build/gcc-src -I/build/.install/linux64/x86_64/usr/local/include -I/build/.install/linux64/x86_64/usr/include -I/build/.install/linux64/usr/local/include -I/build/.install/linux64/usr/include -I/opt/kpdatrunkei/host/linux64/x86_64/../../linux64/x86_64/usr/local/include -I/opt/kpdatrunkei/host/linux64/x86_64/../../linux64/x86_64/usr/include -I/opt/kpdatrunkei/host/linux64/x86_64/../../linux64/usr/local/include -I/opt/kpdatrunkei/host/linux64/x86_64/../../linux64/usr/include -I/build/.install/linux64/x86_64/usr/local/include -I/build/.install/linux64/x86_64/usr/include -I/build/.install/linux64/usr/local/include -I/build/.install/linux64/usr/include -I/opt/kpdatrunkei/host/linux64/x86_64/../../linux64/x86_64/usr/local/include -I/opt/kpdatrunkei/host/linux64/x86_64/../../linux64/x86_64/usr/include -I/opt/kpdatrunkei/host/linux64/x86_64/../../linux64/usr/local/include -I/opt/kpdatrunkei/host/linux64/x86_64/../../linux64/usr/include -DVARIANT_ntox86 -DBUILDENV_qss' CXXFLAGS='-DNDEBUG   -I. -I. -I/build/gcc-src/linux64/x86_64/ntox86 -I/build/gcc-src/linux64/x86_64 -I/build/gcc-src/linux64 -I/build/gcc-src -I/build/.install/linux64/x86_64/usr/local/include -I/build/.install/linux64/x86_64/usr/include -I/build/.install/linux64/usr/local/include -I/build/.install/linux64/usr/include -I/opt/kpdatrunkei/host/linux64/x86_64/../../linux64/x86_64/usr/local/include -I/opt/kpdatrunkei/host/linux64/x86_64/../../linux64/x86_64/usr/include -I/opt/kpdatrunkei/host/linux64/x86_64/../../linux64/usr/local/include -I/opt/kpdatrunkei/host/linux64/x86_64/../../linux64/usr/include -I/build/.install/linux64/x86_64/usr/local/include -I/build/.install/linux64/x86_64/usr/include -I/build/.install/linux64/usr/local/include -I/build/.install/linux64/usr/include -I/opt/kpdatrunkei/host/linux64/x86_64/../../linux64/x86_64/usr/local/include -I/opt/kpdatrunkei/host/linux64/x86_64/../../linux64/x86_64/usr/include -I/opt/kpdatrunkei/host/linux64/x86_64/../../linux64/usr/local/include -I/opt/kpdatrunkei/host/linux64/x86_64/../../linux64/usr/include     -I. -I. -I/build/gcc-src/linux64/x86_64/ntox86 -I/build/gcc-src/linux64/x86_64 -I/build/gcc-src/linux64 -I/build/gcc-src -I/build/.install/linux64/x86_64/usr/local/include -I/build/.install/linux64/x86_64/usr/include -I/build/.install/linux64/usr/local/include -I/build/.install/linux64/usr/include -I/opt/kpdatrunkei/host/linux64/x86_64/../../linux64/x86_64/usr/local/include -I/opt/kpdatrunkei/host/linux64/x86_64/../../linux64/x86_64/usr/include -I/opt/kpdatrunkei/host/linux64/x86_64/../../linux64/usr/local/include -I/opt/kpdatrunkei/host/linux64/x86_64/../../linux64/usr/include -I/build/.install/linux64/x86_64/usr/local/include -I/build/.install/linux64/x86_64/usr/include -I/build/.install/linux64/usr/local/include -I/build/.install/linux64/usr/include -I/opt/kpdatrunkei/host/linux64/x86_64/../../linux64/x86_64/usr/local/include -I/opt/kpdatrunkei/host/linux64/x86_64/../../linux64/x86_64/usr/include -I/opt/kpdatrunkei/host/linux64/x86_64/../../linux64/usr/local/include -I/opt/kpdatrunkei/host/linux64/x86_64/../../linux64/usr/include        -DVARIANT_ntox86 -DBUILDENV_qss ' LDFLAGS='-Wl,-s  -L. -L/build/.install/linux64/x86_64/usr/lib -L/opt/kpdatrunkei/host/linux64/x86_64/../../linux64/x86_64/usr/lib -L/usr/lib/x86_64-linux-gnu -L/usr/lib       ' AUTOMAKE=: AUTOCONF=: AUTOHEADER=: AUTORECONF=: ACLOCAL=:
Thread model: posix
gcc version 8.3.0 (kpda_01e860105b_b16) 
configure:2973: $? = 0
configure:2962: i486-pc-nto-qnx6.5.0-gcc-8.3.0   -V >&5
i486-pc-nto-qnx6.5.0-gcc-8.3.0: error: unrecognized command line option '-V'
i486-pc-nto-qnx6.5.0-gcc-8.3.0: fatal error: no input files
compilation terminated.
configure:2973: $? = 1
configure:2962: i486-pc-nto-qnx6.5.0-gcc-8.3.0   -qversion >&5
i486-pc-nto-qnx6.5.0-gcc-8.3.0: error: unrecognized command line option '-qversion'; did you mean '--version'?
i486-pc-nto-qnx6.5.0-gcc-8.3.0: fatal error: no input files
compilation terminated.
configure:2973: $? = 1
configure:2993: checking whether the C compiler works
configure:3015: i486-pc-nto-qnx6.5.0-gcc-8.3.0   -D_QNX_SOURCE=1 -fno-aggressive-loop-optimizations -DNDEBUG   -I. -I/home/alex/diplom/nto/x86/o -I/home/alex/diplom/nto/x86 -I/home/alex/diplom/nto -I/home/alex/diplom -I/home/alex/diplom/.install/neutrino/x86/usr/include -I/home/alex/diplom/.install/neutrino/usr/include -I/home/alex/diplom/.install/neutrino/include -I/opt/kpdatrunkeip/target/neutrino/x86/usr/include -I/opt/kpdatrunkeip/target/neutrino/usr/include -I/opt/kpdatrunkeip/target/neutrino/include     -DBUILDENV_qss  -D_QNX_SOURCE=1 -fno-aggressive-loop-optimizations -DNDEBUG -I. -I/home/alex/diplom/nto/x86/o -I/home/alex/diplom/nto/x86 -I/home/alex/diplom/nto -I/home/alex/diplom -I/home/alex/diplom/.install/neutrino/x86/usr/include -I/home/alex/diplom/.install/neutrino/usr/include -I/home/alex/diplom/.install/neutrino/include -I/opt/kpdatrunkeip/target/neutrino/x86/usr/include -I/opt/kpdatrunkeip/target/neutrino/usr/include -I/opt/kpdatrunkeip/target/neutrino/include -DBUILDENV_qss -L. -L/opt/kpdatrunkeip/target/neutrino/x86/lib/gcc/8.3.0 -L/opt/kpdatrunkeip/target/neutrino/x86/usr/lib/gcc/8.3.0 -L/home/alex/diplom/.install/neutrino/x86/lib -L/home/alex/diplom/.install/neutrino/x86/usr/lib -L/opt/kpdatrunkeip/target/neutrino/x86/lib -L/opt/kpdatrunkeip/target/neutrino/x86/usr/lib     conftest.c  >&5
configure:3019: $? = 0
configure:3067: result: yes
configure:3070: checking for C compiler default output file name
configure:3072: result: a.out
configure:3078: checking for suffix of executables
configure:3085: i486-pc-nto-qnx6.5.0-gcc-8.3.0   -o conftest -D_QNX_SOURCE=1 -fno-aggressive-loop-optimizations -DNDEBUG   -I. -I/home/alex/diplom/nto/x86/o -I/home/alex/diplom/nto/x86 -I/home/alex/diplom/nto -I/home/alex/diplom -I/home/alex/diplom/.install/neutrino/x86/usr/include -I/home/alex/diplom/.install/neutrino/usr/include -I/home/alex/diplom/.install/neutrino/include -I/opt/kpdatrunkeip/target/neutrino/x86/usr/include -I/opt/kpdatrunkeip/target/neutrino/usr/include -I/opt/kpdatrunkeip/target/neutrino/include     -DBUILDENV_qss  -D_QNX_SOURCE=1 -fno-aggressive-loop-optimizations -DNDEBUG -I. -I/home/alex/diplom/nto/x86/o -I/home/alex/diplom/nto/x86 -I/home/alex/diplom/nto -I/home/alex/diplom -I/home/alex/diplom/.install/neutrino/x86/usr/include -I/home/alex/diplom/.install/neutrino/usr/include -I/home/alex/diplom/.install/neutrino/include -I/opt/kpdatrunkeip/target/neutrino/x86/usr/include -I/opt/kpdatrunkeip/target/neutrino/usr/include -I/opt/kpdatrunkeip/target/neutrino/include -DBUILDENV_qss -L. -L/opt/kpdatrunkeip/target/neutrino/x86/lib/gcc/8.3.0 -L/opt/kpdatrunkeip/target/neutrino/x86/usr/lib/gcc/8.3.0 -L/home/alex/diplom/.install/neutrino/x86/lib -L/home/alex/diplom/.install/neutrino/x86/usr/lib -L/opt/kpdatrunkeip/target/neutrino/x86/lib -L/opt/kpdatrunkeip/target/neutrino/x86/usr/lib     conftest.c  >&5
configure:3089: $? = 0
configure:3111: result: 
configure:3133: checking whether we are cross compiling
configure:3171: result: yes
configure:3176: checking for suffix of object files
configure:3198: i486-pc-nto-qnx6.5.0-gcc-8.3.0   -c -D_QNX_SOURCE=1 -fno-aggressive-loop-optimizations -DNDEBUG   -I. -I/home/alex/diplom/nto/x86/o -I/home/alex/diplom/nto/x86 -I/home/alex/diplom/nto -I/home/alex/diplom -I/home/alex/diplom/.install/neutrino/x86/usr/include -I/home/alex/diplom/.install/neutrino/usr/include -I/home/alex/diplom/.install/neutrino/include -I/opt/kpdatrunkeip/target/neutrino/x86/usr/include -I/opt/kpdatrunkeip/target/neutrino/usr/include -I/opt/kpdatrunkeip/target/neutrino/include     -DBUILDENV_qss  -D_QNX_SOURCE=1 -fno-aggressive-loop-optimizations -DNDEBUG -I. -I/home/alex/diplom/nto/x86/o -I/home/alex/diplom/nto/x86 -I/home/alex/diplom/nto -I/home/alex/diplom -I/home/alex/diplom/.install/neutrino/x86/usr/include -I/home/alex/diplom/.install/neutrino/usr/include -I/home/alex/diplom/.install/neutrino/include -I/opt/kpdatrunkeip/target/neutrino/x86/usr/include -I/opt/kpdatrunkeip/target/neutrino/usr/include -I/opt/kpdatrunkeip/target/neutrino/include -DBUILDENV_qss conftest.c >&5
configure:3202: $? = 0
configure:3223: result: o
configure:3227: checking whether we are using the GNU C compiler
configure:3246: i486-pc-nto-qnx6.5.0-gcc-8.3.0   -c -D_QNX_SOURCE=1 -fno-aggressive-loop-optimizations -DNDEBUG   -I. -I/home/alex/diplom/nto/x86/o -I/home/alex/diplom/nto/x86 -I/home/alex/diplom/nto -I/home/alex/diplom -I/home/alex/diplom/.install/neutrino/x86/usr/include -I/home/alex/diplom/.install/neutrino/usr/include -I/home/alex/diplom/.install/neutrino/include -I/opt/kpdatrunkeip/target/neutrino/x86/usr/include -I/opt/kpdatrunkeip/target/neutrino/usr/include -I/opt/kpdatrunkeip/target/neutrino/include     -DBUILDENV_qss  -D_QNX_SOURCE=1 -fno-aggressive-loop-optimizations -DNDEBUG -I. -I/home/alex/diplom/nto/x86/o -I/home/alex/diplom/nto/x86 -I/home/alex/diplom/nto -I/home/alex/diplom -I/home/alex/diplom/.install/neutrino/x86/usr/include -I/home/alex/diplom/.install/neutrino/usr/include -I/home/alex/diplom/.install/neutrino/include -I/opt/kpdatrunkeip/target/neutrino/x86/usr/include -I/opt/kpdatrunkeip/target/neutrino/usr/include -I/opt/kpdatrunkeip/target/neutrino/include -DBUILDENV_qss conftest.c >&5
configure:3246: $? = 0
configure:3255: result: yes
configure:3264: checking whether i486-pc-nto-qnx6.5.0-gcc-8.3.0   accepts -g
configure:3284: i486-pc-nto-qnx6.5.0-gcc-8.3.0   -c -g -D_QNX_SOURCE=1 -fno-aggressive-loop-optimizations -DNDEBUG -I. -I/home/alex/diplom/nto/x86/o -I/home/alex/diplom/nto/x86 -I/home/alex/diplom/nto -I/home/alex/diplom -I/home/alex/diplom/.install/neutrino/x86/usr/include -I/home/alex/diplom/.install/neutrino/usr/include -I/home/alex/diplom/.install/neutrino/include -I/opt/kpdatrunkeip/target/neutrino/x86/usr/include -I/opt/kpdatrunkeip/target/neutrino/usr/include -I/opt/kpdatrunkeip/target/neutrino/include -DBUILDENV_qss conftest.c >&5
configure:3284: $? = 0
configure:3325: result: yes
configure:3342: checking for i486-pc-nto-qnx6.5.0-gcc-8.3.0   option to accept ISO C89
configure:3405: i486-pc-nto-qnx6.5.0-gcc-8.3.0    -c -D_QNX_SOURCE=1 -fno-aggressive-loop-optimizations -DNDEBUG   -I. -I/home/alex/diplom/nto/x86/o -I/home/alex/diplom/nto/x86 -I/home/alex/diplom/nto -I/home/alex/diplom -I/home/alex/diplom/.install/neutrino/x86/usr/include -I/home/alex/diplom/.install/neutrino/usr/include -I/home/alex/diplom/.install/neutrino/include -I/opt/kpdatrunkeip/target/neutrino/x86/usr/include -I/opt/kpdatrunkeip/target/neutrino/usr/include -I/opt/kpdatrunkeip/target/neutrino/include     -DBUILDENV_qss  -D_QNX_SOURCE=1 -fno-aggressive-loop-optimizations -DNDEBUG -I. -I/home/alex/diplom/nto/x86/o -I/home/alex/diplom/nto/x86 -I/home/alex/diplom/nto -I/home/alex/diplom -I/home/alex/diplom/.install/neutrino/x86/usr/include -I/home/alex/diplom/.install/neutrino/usr/include -I/home/alex/diplom/.install/neutrino/include -I/opt/kpdatrunkeip/target/neutrino/x86/usr/include -I/opt/kpdatrunkeip/target/neutrino/usr/include -I/opt/kpdatrunkeip/target/neutrino/include -DBUILDENV_qss conftest.c >&5
configure:3405: $? = 0
configure:3418: result: none needed
configure:3443: checking whether i486-pc-nto-qnx6.5.0-gcc-8.3.0   understands -c and -o together
configure:3465: i486-pc-nto-qnx6.5.0-gcc-8.3.0   -c conftest.c -o conftest2.o
configure:3468: $? = 0
configure:3465: i486-pc-nto-qnx6.5.0-gcc-8.3.0   -c conftest.c -o conftest2.o
configure:3468: $? = 0
configure:3480: result: yes
configure:3500: checking whether make supports the include directive
configure:3515: make -f confmf.GNU && cat confinc.out
make[4]: Entering directory '/home/alex/diplom/nto/x86/o/.build'
make[4]: Leaving directory '/home/alex/diplom/nto/x86/o/.build'
this is the am__doit target
configure:3518: $? = 0
configure:3537: result: yes (GNU style)
configure:3562: checking dependency style of i486-pc-nto-qnx6.5.0-gcc-8.3.0  
configure:3673: result: none
configure:3697: checking how to run the C preprocessor
configure:3728: i486-pc-nto-qnx6.5.0-gcc-8.3.0   -E -D_QNX_SOURCE=1 -fno-aggressive-loop-optimizations -DNDEBUG -I. -I/home/alex/diplom/nto/x86/o -I/home/alex/diplom/nto/x86 -I/home/alex/diplom/nto -I/home/alex/diplom -I/home/alex/diplom/.install/neutrino/x86/usr/include -I/home/alex/diplom/.install/neutrino/usr/include -I/home/alex/diplom/.install/neutrino/include -I/opt/kpdatrunkeip/target/neutrino/x86/usr/include -I/opt/kpdatrunkeip/target/neutrino/usr/include -I/opt/kpdatrunkeip/target/neutrino/include -DBUILDENV_qss conftest.c
configure:3728: $? = 0
configure:3742: i486-pc-nto-qnx6.5.0-gcc-8.3.0   -E -D_QNX_SOURCE=1 -fno-aggressive-loop-optimizations -DNDEBUG -I. -I/home/alex/diplom/nto/x86/o -I/home/alex/diplom/nto/x86 -I/home/alex/diplom/nto -I/home/alex/diplom -I/home/alex/diplom/.install/neutrino/x86/usr/include -I/home/alex/diplom/.install/neutrino/usr/include -I/home/alex/diplom/.install/neutrino/include -I/opt/kpdatrunkeip/target/neutrino/x86/usr/include -I/opt/kpdatrunkeip/target/neutrino/usr/include -I/opt/kpdatrunkeip/target/neutrino/include -DBUILDENV_qss conftest.c
conftest.c:11:10: fatal error: ac_nonexistent.h: No such file or directory
 #include <ac_nonexistent.h>
          ^~~~~~~~~~~~~~~~~~
compilation terminated.
configure:3742: $? = 1
configure: failed program was:
| /* confdefs.h */
| #define PACKAGE_NAME "zigbee_stack"
| #define PACKAGE_TARNAME "zigbee_stack"
| #define PACKAGE_VERSION "1.0"
| #define PACKAGE_STRING "zigbee_stack 1.0"
| #define PACKAGE_BUGREPORT "you@example.com"
| #define PACKAGE_URL ""
| #define PACKAGE "zigbee_stack"
| #define VERSION "1.0"
| /* end confdefs.h.  */
| #include <ac_nonexistent.h>
configure:3767: result: i486-pc-nto-qnx6.5.0-gcc-8.3.0   -E
configure:3787: i486-pc-nto-qnx6.5.0-gcc-8.3.0   -E -D_QNX_SOURCE=1 -fno-aggressive-loop-optimizations -DNDEBUG -I. -I/home/alex/diplom/nto/x86/o -I/home/alex/diplom/nto/x86 -I/home/alex/diplom/nto -I/home/alex/diplom -I/home/alex/diplom/.install/neutrino/x86/usr/include -I/home/alex/diplom/.install/neutrino/usr/include -I/home/alex/diplom/.install/neutrino/include -I/opt/kpdatrunkeip/target/neutrino/x86/usr/include -I/opt/kpdatrunkeip/target/neutrino/usr/include -I/opt/kpdatrunkeip/target/neutrino/include -DBUILDENV_qss conftest.c
configure:3787: $? = 0
configure:3801: i486-pc-nto-qnx6.5.0-gcc-8.3.0   -E -D_QNX_SOURCE=1 -fno-aggressive-loop-optimizations -DNDEBUG -I. -I/home/alex/diplom/nto/x86/o -I/home/alex/diplom/nto/x86 -I/home/alex/diplom/nto -I/home/alex/diplom -I/home/alex/diplom/.install/neutrino/x86/usr/include -I/home/alex/diplom/.install/neutrino/usr/include -I/home/alex/diplom/.install/neutrino/include -I/opt/kpdatrunkeip/target/neutrino/x86/usr/include -I/opt/kpdatrunkeip/target/neutrino/usr/include -I/opt/kpdatrunkeip/target/neutrino/include -DBUILDENV_qss conftest.c
conftest.c:11:10: fatal error: ac_nonexistent.h: No such file or directory
 #include <ac_nonexistent.h>
          ^~~~~~~~~~~~~~~~~~
compilation terminated.
configure:3801: $? = 1
configure: failed program was:
| /* confdefs.h */
| #define PACKAGE_NAME "zigbee_stack"
| #define PACKAGE_TARNAME "zigbee_stack"
| #define PACKAGE_VERSION "1.0"
| #define PACKAGE_STRING "zigbee_stack 1.0"
| #define PACKAGE_BUGREPORT "you@example.com"
| #define PACKAGE_URL ""
| #define PACKAGE "zigbee_stack"
| #define VERSION "1.0"
| /* end confdefs.h.  */
| #include <ac_nonexistent.h>
configure:3830: checking for grep that handles long lines and -e
configure:3888: result: /usr/bin/grep
configure:3893: checking for egrep
configure:3955: result: /usr/bin/grep -E
configure:3960: checking for ANSI C header files
configure:3980: i486-pc-nto-qnx6.5.0-gcc-8.3.0   -c -D_QNX_SOURCE=1 -fno-aggressive-loop-optimizations -DNDEBUG   -I. -I/home/alex/diplom/nto/x86/o -I/home/alex/diplom/nto/x86 -I/home/alex/diplom/nto -I/home/alex/diplom -I/home/alex/diplom/.install/neutrino/x86/usr/include -I/home/alex/diplom/.install/neutrino/usr/include -I/home/alex/diplom/.install/neutrino/include -I/opt/kpdatrunkeip/target/neutrino/x86/usr/include -I/opt/kpdatrunkeip/target/neutrino/usr/include -I/opt/kpdatrunkeip/target/neutrino/include     -DBUILDENV_qss  -D_QNX_SOURCE=1 -fno-aggressive-loop-optimizations -DNDEBUG -I. -I/home/alex/diplom/nto/x86/o -I/home/alex/diplom/nto/x86 -I/home/alex/diplom/nto -I/home/alex/diplom -I/home/alex/diplom/.install/neutrino/x86/usr/include -I/home/alex/diplom/.install/neutrino/usr/include -I/home/alex/diplom/.install/neutrino/include -I/opt/kpdatrunkeip/target/neutrino/x86/usr/include -I/opt/kpdatrunkeip/target/neutrino/usr/include -I/opt/kpdatrunkeip/target/neutrino/include -DBUILDENV_qss conftest.c >&5
configure:3980: $? = 0
configure:4064: result: yes
configure:4077: checking for sys/types.h
configure:4077: i486-pc-nto-qnx6.5.0-gcc-8.3.0   -c -D_QNX_SOURCE=1 -fno-aggressive-loop-optimizations -DNDEBUG   -I. -I/home/alex/diplom/nto/x86/o -I/home/alex/diplom/nto/x86 -I/home/alex/diplom/nto -I/home/alex/diplom -I/home/alex/diplom/.install/neutrino/x86/usr/include -I/home/alex/diplom/.install/neutrino/usr/include -I/home/alex/diplom/.install/neutrino/include -I/opt/kpdatrunkeip/target/neutrino/x86/usr/include -I/opt/kpdatrunkeip/target/neutrino/usr/include -I/opt/kpdatrunkeip/target/neutrino/include     -DBUILDENV_qss  -D_QNX_SOURCE=1 -fno-aggressive-loop-optimizations -DNDEBUG -I. -I/home/alex/diplom/nto/x86/o -I/home/alex/diplom/nto/x86 -I/home/alex/diplom/nto -I/home/alex/diplom -I/home/alex/diplom/.install/neutrino/x86/usr/include -I/home/alex/diplom/.install/neutrino/usr/include -I/home/alex/diplom/.install/neutrino/include -I/opt/kpdatrunkeip/target/neutrino/x86/usr/include -I/opt/kpdatrunkeip/target/neutrino/usr/include -I/opt/kpdatrunkeip/target/neutrino/include -DBUILDENV_qss conftest.c >&5
configure:4077: $? = 0
configure:4077: result: yes
configure:4077: checking for sys/stat.h
configure:4077: i486-pc-nto-qnx6.5.0-gcc-8.3.0   -c -D_QNX_SOURCE=1 -fno-aggressive-loop-optimizations -DNDEBUG   -I. -I/home/alex/diplom/nto/x86/o -I/home/alex/diplom/nto/x86 -I/home/alex/diplom/nto -I/home/alex/diplom -I/home/alex/diplom/.install/neutrino/x86/usr/include -I/home/alex/diplom/.install/neutrino/usr/include -I/home/alex/diplom/.install/neutrino/include -I/opt/kpdatrunkeip/target/neutrino/x86/usr/include -I/opt/kpdatrunkeip/target/neutrino/usr/include -I/opt/kpdatrunkeip/target/neutrino/include     -DBUILDENV_qss  -D_QNX_SOURCE=1 -fno-aggressive-loop-optimizations -DNDEBUG -I. -I/home/alex/diplom/nto/x86/o -I/home/alex/diplom/nto/x86 -I/home/alex/diplom/nto -I/home/alex/diplom -I/home/alex/diplom/.install/neutrino/x86/usr/include -I/home/alex/diplom/.install/neutrino/usr/include -I/home/alex/diplom/.install/neutrino/include -I/opt/kpdatrunkeip/target/neutrino/x86/usr/include -I/opt/kpdatrunkeip/target/neutrino/usr/include -I/opt/kpdatrunkeip/target/neutrino/include -DBUILDENV_qss conftest.c >&5
configure:4077: $? = 0
configure:4077: result: yes
configure:4077: checking for stdlib.h
configure:4077: i486-pc-nto-qnx6.5.0-gcc-8.3.0   -c -D_QNX_SOURCE=1 -fno-aggressive-loop-optimizations -DNDEBUG   -I. -I/home/alex/diplom/nto/x86/o -I/home/alex/diplom/nto/x86 -I/home/alex/diplom/nto -I/home/alex/diplom -I/home/alex/diplom/.install/neutrino/x86/usr/include -I/home/alex/diplom/.install/neutrino/usr/include -I/home/alex/diplom/.install/neutrino/include -I/opt/kpdatrunkeip/target/neutrino/x86/usr/include -I/opt/kpdatrunkeip/target/neutrino/usr/include -I/opt/kpdatrunkeip/target/neutrino/include     -DBUILDENV_qss  -D_QNX_SOURCE=1 -fno-aggressive-loop-optimizations -DNDEBUG -I. -I/home/alex/diplom/nto/x86/o -I/home/alex/diplom/nto/x86 -I/home/alex/diplom/nto -I/home/alex/diplom -I/home/alex/diplom/.install/neutrino/x86/usr/include -I/home/alex/diplom/.install/neutrino/usr/include -I/home/alex/diplom/.install/neutrino/include -I/opt/kpdatrunkeip/target/neutrino/x86/usr/include -I/opt/kpdatrunkeip/target/neutrino/usr/include -I/opt/kpdatrunkeip/target/neutrino/include -DBUILDENV_qss conftest.c >&5
configure:4077: $? = 0
configure:4077: result: yes
configure:4077: checking for string.h
configure:4077: i486-pc-nto-qnx6.5.0-gcc-8.3.0   -c -D_QNX_SOURCE=1 -fno-aggressive-loop-optimizations -DNDEBUG   -I. -I/home/alex/diplom/nto/x86/o -I/home/alex/diplom/nto/x86 -I/home/alex/diplom/nto -I/home/alex/diplom -I/home/alex/diplom/.install/neutrino/x86/usr/include -I/home/alex/diplom/.install/neutrino/usr/include -I/home/alex/diplom/.install/neutrino/include -I/opt/kpdatrunkeip/target/neutrino/x86/usr/include -I/opt/kpdatrunkeip/target/neutrino/usr/include -I/opt/kpdatrunkeip/target/neutrino/include     -DBUILDENV_qss  -D_QNX_SOURCE=1 -fno-aggressive-loop-optimizations -DNDEBUG -I. -I/home/alex/diplom/nto/x86/o -I/home/alex/diplom/nto/x86 -I/home/alex/diplom/nto -I/home/alex/diplom -I/home/alex/diplom/.install/neutrino/x86/usr/include -I/home/alex/diplom/.install/neutrino/usr/include -I/home/alex/diplom/.install/neutrino/include -I/opt/kpdatrunkeip/target/neutrino/x86/usr/include -I/opt/kpdatrunkeip/target/neutrino/usr/include -I/opt/kpdatrunkeip/target/neutrino/include -DBUILDENV_qss conftest.c >&5
configure:4077: $? = 0
configure:4077: result: yes
configure:4077: checking for memory.h
configure:4077: i486-pc-nto-qnx6.5.0-gcc-8.3.0   -c -D_QNX_SOURCE=1 -fno-aggressive-loop-optimizations -DNDEBUG   -I. -I/home/alex/diplom/nto/x86/o -I/home/alex/diplom/nto/x86 -I/home/alex/diplom/nto -I/home/alex/diplom -I/home/alex/diplom/.install/neutrino/x86/usr/include -I/home/alex/diplom/.install/neutrino/usr/include -I/home/alex/diplom/.install/neutrino/include -I/opt/kpdatrunkeip/target/neutrino/x86/usr/include -I/opt/kpdatrunkeip/target/neutrino/usr/include -I/opt/kpdatrunkeip/target/neutrino/include     -DBUILDENV_qss  -D_QNX_SOURCE=1 -fno-aggressive-loop-optimizations -DNDEBUG -I. -I/home/alex/diplom/nto/x86/o -I/home/alex/diplom/nto/x86 -I/home/alex/diplom/nto -I/home/alex/diplom -I/home/alex/diplom/.install/neutrino/x86/usr/include -I/home/alex/diplom/.install/neutrino/usr/include -I/home/alex/diplom/.install/neutrino/include -I/opt/kpdatrunkeip/target/neutrino/x86/usr/include -I/opt/kpdatrunkeip/target/neutrino/usr/include -I/opt/kpdatrunkeip/target/neutrino/include -DBUILDENV_qss conftest.c >&5
configure:4077: $? = 0
configure:4077: result: yes
configure:4077: checking for strings.h
configure:4077: i486-pc-nto-qnx6.5.0-gcc-8.3.0   -c -D_QNX_SOURCE=1 -fno-aggressive-loop-optimizations -DNDEBUG   -I. -I/home/alex/diplom/nto/x86/o -I/home/alex/diplom/nto/x86 -I/home/alex/diplom/nto -I/home/alex/diplom -I/home/alex/diplom/.install/neutrino/x86/usr/include -I/home/alex/diplom/.install/neutrino/usr/include -I/home/alex/diplom/.install/neutrino/include -I/opt/kpdatrunkeip/target/neutrino/x86/usr/include -I/opt/kpdatrunkeip/target/neutrino/usr/include -I/opt/kpdatrunkeip/target/neutrino/include     -DBUILDENV_qss  -D_QNX_SOURCE=1 -fno-aggressive-loop-optimizations -DNDEBUG -I. -I/home/alex/diplom/nto/x86/o -I/home/alex/diplom/nto/x86 -I/home/alex/diplom/nto -I/home/alex/diplom -I/home/alex/diplom/.install/neutrino/x86/usr/include -I/home/alex/diplom/.install/neutrino/usr/include -I/home/alex/diplom/.install/neutrino/include -I/opt/kpdatrunkeip/target/neutrino/x86/usr/include -I/opt/kpdatrunkeip/target/neutrino/usr/include -I/opt/kpdatrunkeip/target/neutrino/include -DBUILDENV_qss conftest.c >&5
configure:4077: $? = 0
configure:4077: result: yes
configure:4077: checking for inttypes.h
configure:4077: i486-pc-nto-qnx6.5.0-gcc-8.3.0   -c -D_QNX_SOURCE=1 -fno-aggressive-loop-optimizations -DNDEBUG   -I. -I/home/alex/diplom/nto/x86/o -I/home/alex/diplom/nto/x86 -I/home/alex/diplom/nto -I/home/alex/diplom -I/home/alex/diplom/.install/neutrino/x86/usr/include -I/home/alex/diplom/.install/neutrino/usr/include -I/home/alex/diplom/.install/neutrino/include -I/opt/kpdatrunkeip/target/neutrino/x86/usr/include -I/opt/kpdatrunkeip/target/neutrino/usr/include -I/opt/kpdatrunkeip/target/neutrino/include     -DBUILDENV_qss  -D_QNX_SOURCE=1 -fno-aggressive-loop-optimizations -DNDEBUG -I. -I/home/alex/diplom/nto/x86/o -I/home/alex/diplom/nto/x86 -I/home/alex/diplom/nto -I/home/alex/diplom -I/home/alex/diplom/.install/neutrino/x86/usr/include -I/home/alex/diplom/.install/neutrino/usr/include -I/home/alex/diplom/.install/neutrino/include -I/opt/kpdatrunkeip/target/neutrino/x86/usr/include -I/opt/kpdatrunkeip/target/neutrino/usr/include -I/opt/kpdatrunkeip/target/neutrino/include -DBUILDENV_qss conftest.c >&5
configure:4077: $? = 0
configure:4077: result: yes
configure:4077: checking for stdint.h
configure:4077: i486-pc-nto-qnx6.5.0-gcc-8.3.0   -c -D_QNX_SOURCE=1 -fno-aggressive-loop-optimizations -DNDEBUG   -I. -I/home/alex/diplom/nto/x86/o -I/home/alex/diplom/nto/x86 -I/home/alex/diplom/nto -I/home/alex/diplom -I/home/alex/diplom/.install/neutrino/x86/usr/include -I/home/alex/diplom/.install/neutrino/usr/include -I/home/alex/diplom/.install/neutrino/include -I/opt/kpdatrunkeip/target/neutrino/x86/usr/include -I/opt/kpdatrunkeip/target/neutrino/usr/include -I/opt/kpdatrunkeip/target/neutrino/include     -DBUILDENV_qss  -D_QNX_SOURCE=1 -fno-aggressive-loop-optimizations -DNDEBUG -I. -I/home/alex/diplom/nto/x86/o -I/home/alex/diplom/nto/x86 -I/home/alex/diplom/nto -I/home/alex/diplom -I/home/alex/diplom/.install/neutrino/x86/usr/include -I/home/alex/diplom/.install/neutrino/usr/include -I/home/alex/diplom/.install/neutrino/include -I/opt/kpdatrunkeip/target/neutrino/x86/usr/include -I/opt/kpdatrunkeip/target/neutrino/usr/include -I/opt/kpdatrunkeip/target/neutrino/include -DBUILDENV_qss conftest.c >&5
configure:4077: $? = 0
configure:4077: result: yes
configure:4077: checking for unistd.h
configure:4077: i486-pc-nto-qnx6.5.0-gcc-8.3.0   -c -D_QNX_SOURCE=1 -fno-aggressive-loop-optimizations -DNDEBUG   -I. -I/home/alex/diplom/nto/x86/o -I/home/alex/diplom/nto/x86 -I/home/alex/diplom/nto -I/home/alex/diplom -I/home/alex/diplom/.install/neutrino/x86/usr/include -I/home/alex/diplom/.install/neutrino/usr/include -I/home/alex/diplom/.install/neutrino/include -I/opt/kpdatrunkeip/target/neutrino/x86/usr/include -I/opt/kpdatrunkeip/target/neutrino/usr/include -I/opt/kpdatrunkeip/target/neutrino/include     -DBUILDENV_qss  -D_QNX_SOURCE=1 -fno-aggressive-loop-optimizations -DNDEBUG -I. -I/home/alex/diplom/nto/x86/o -I/home/alex/diplom/nto/x86 -I/home/alex/diplom/nto -I/home/alex/diplom -I/home/alex/diplom/.install/neutrino/x86/usr/include -I/home/alex/diplom/.install/neutrino/usr/include -I/home/alex/diplom/.install/neutrino/include -I/opt/kpdatrunkeip/target/neutrino/x86/usr/include -I/opt/kpdatrunkeip/target/neutrino/usr/include -I/opt/kpdatrunkeip/target/neutrino/include -DBUILDENV_qss conftest.c >&5
configure:4077: $? = 0
configure:4077: result: yes
configure:4092: checking gost/gost_hash.h usability
configure:4092: i486-pc-nto-qnx6.5.0-gcc-8.3.0   -c -D_QNX_SOURCE=1 -fno-aggressive-loop-optimizations -DNDEBUG   -I. -I/home/alex/diplom/nto/x86/o -I/home/alex/diplom/nto/x86 -I/home/alex/diplom/nto -I/home/alex/diplom -I/home/alex/diplom/.install/neutrino/x86/usr/include -I/home/alex/diplom/.install/neutrino/usr/include -I/home/alex/diplom/.install/neutrino/include -I/opt/kpdatrunkeip/target/neutrino/x86/usr/include -I/opt/kpdatrunkeip/target/neutrino/usr/include -I/opt/kpdatrunkeip/target/neutrino/include     -DBUILDENV_qss  -D_QNX_SOURCE=1 -fno-aggressive-loop-optimizations -DNDEBUG -I. -I/home/alex/diplom/nto/x86/o -I/home/alex/diplom/nto/x86 -I/home/alex/diplom/nto -I/home/alex/diplom -I/home/alex/diplom/.install/neutrino/x86/usr/include -I/home/alex/diplom/.install/neutrino/usr/include -I/home/alex/diplom/.install/neutrino/include -I/opt/kpdatrunkeip/target/neutrino/x86/usr/include -I/opt/kpdatrunkeip/target/neutrino/usr/include -I/opt/kpdatrunkeip/target/neutrino/include -DBUILDENV_qss conftest.c >&5
conftest.c:54:10: fatal error: gost/gost_hash.h: No such file or directory
 #include <gost/gost_hash.h>
          ^~~~~~~~~~~~~~~~~~
compilation terminated.
configure:4092: $? = 1
configure: failed program was:
| /* confdefs.h */
| #define PACKAGE_NAME "zigbee_stack"
| #define PACKAGE_TARNAME "zigbee_stack"
| #define PACKAGE_VERSION "1.0"
| #define PACKAGE_STRING "zigbee_stack 1.0"
| #define PACKAGE_BUGREPORT "you@example.com"
| #define PACKAGE_URL ""
| #define PACKAGE "zigbee_stack"
| #define VERSION "1.0"
| #define STDC_HEADERS 1
| #define HAVE_SYS_TYPES_H 1
| #define HAVE_SYS_STAT_H 1
| #define HAVE_STDLIB_H 1
| #define HAVE_STRING_H 1
| #define HAVE_MEMORY_H 1
| #define HAVE_STRINGS_H 1
| #define HAVE_INTTYPES_H 1
| #define HAVE_STDINT_H 1
| #define HAVE_UNISTD_H 1
| /* end confdefs.h.  */
| #include <stdio.h>
| #ifdef HAVE_SYS_TYPES_H
| # include <sys/types.h>
| #endif
| #ifdef HAVE_SYS_STAT_H
| # include <sys/stat.h>
| #endif
| #ifdef STDC_HEADERS
| # include <stdlib.h>
| # include <stddef.h>
| #else
| # ifdef HAVE_STDLIB_H
| #  include <stdlib.h>
| # endif
| #endif
| #ifdef HAVE_STRING_H
| # if !defined STDC_HEADERS && defined HAVE_MEMORY_H
| #  include <memory.h>
| # endif
| # include <string.h>
| #endif
| #ifdef HAVE_STRINGS_H
| # include <strings.h>
| #endif
| #ifdef HAVE_INTTYPES_H
| # include <inttypes.h>
| #endif
| #ifdef HAVE_STDINT_H
| # include <stdint.h>
| #endif
| #ifdef HAVE_UNISTD_H
| # include <unistd.h>
| #endif
| #include <gost/gost_hash.h>
configure:4092: result: no
configure:4092: checking gost/gost_hash.h presence
configure:4092: i486-pc-nto-qnx6.5.0-gcc-8.3.0   -E -D_QNX_SOURCE=1 -fno-aggressive-loop-optimizations -DNDEBUG -I. -I/home/alex/diplom/nto/x86/o -I/home/alex/diplom/nto/x86 -I/home/alex/diplom/nto -I/home/alex/diplom -I/home/alex/diplom/.install/neutrino/x86/usr/include -I/home/alex/diplom/.install/neutrino/usr/include -I/home/alex/diplom/.install/neutrino/include -I/opt/kpdatrunkeip/target/neutrino/x86/usr/include -I/opt/kpdatrunkeip/target/neutrino/usr/include -I/opt/kpdatrunkeip/target/neutrino/include -DBUILDENV_qss conftest.c
conftest.c:21:10: fatal error: gost/gost_hash.h: No such file or directory
 #include <gost/gost_hash.h>
          ^~~~~~~~~~~~~~~~~~
compilation terminated.
configure:4092: $? = 1
configure: failed program was:
| /* confdefs.h */
| #define PACKAGE_NAME "zigbee_stack"
| #define PACKAGE_TARNAME "zigbee_stack"
| #define PACKAGE_VERSION "1.0"
| #define PACKAGE_STRING "zigbee_stack 1.0"
| #define PACKAGE_BUGREPORT "you@example.com"
| #define PACKAGE_URL ""
| #define PACKAGE "zigbee_stack"
| #define VERSION "1.0"
| #define STDC_HEADERS 1
| #define HAVE_SYS_TYPES_H 1
| #define HAVE_SYS_STAT_H 1
| #define HAVE_STDLIB_H 1
| #define HAVE_STRING_H 1
| #define HAVE_MEMORY_H 1
| #define HAVE_STRINGS_H 1
| #define HAVE_INTTYPES_H 1
| #define HAVE_STDINT_H 1
| #define HAVE_UNISTD_H 1
| /* end confdefs.h.  */
| #include <gost/gost_hash.h>
configure:4092: result: no
configure:4092: checking for gost/gost_hash.h
configure:4092: result: no
configure:4092: checking for stdint.h
configure:4092: result: yes
configure:4092: checking for stdlib.h
configure:4092: result: yes
configure:4092: checking for string.h
configure:4092: result: yes
configure:4207: checking that generated files are newer than configure
configure:4213: result: done
configure:4236: creating ./config.status

## ---------------------- ##
## Running config.status. ##
## ---------------------- ##

This file was extended by zigbee_stack config.status 1.0, which was
generated by GNU Autoconf 2.69.  Invocation command line was

  CONFIG_FILES    = 
  CONFIG_HEADERS  = 
  CONFIG_LINKS    = 
  CONFIG_COMMANDS = 
  $ ./config.status 

on efbad4e2611a

config.status:846: error: cannot find input file: `Makefile.in'

## ---------------- ##
## Cache variables. ##
## ---------------- ##

ac_cv_c_compiler_gnu=yes
ac_cv_env_CC_set=set
ac_cv_env_CC_value='i486-pc-nto-qnx6.5.0-gcc-8.3.0  '
ac_cv_env_CFLAGS_set=set
ac_cv_env_CFLAGS_value='-D_QNX_SOURCE=1 -fno-aggressive-loop-optimizations -DNDEBUG   -I. -I/home/alex/diplom/nto/x86/o -I/home/alex/diplom/nto/x86 -I/home/alex/diplom/nto -I/home/alex/diplom -I/home/alex/diplom/.install/neutrino/x86/usr/include -I/home/alex/diplom/.install/neutrino/usr/include -I/home/alex/diplom/.install/neutrino/include -I/opt/kpdatrunkeip/target/neutrino/x86/usr/include -I/opt/kpdatrunkeip/target/neutrino/usr/include -I/opt/kpdatrunkeip/target/neutrino/include     -DBUILDENV_qss '
ac_cv_env_CPPFLAGS_set=set
ac_cv_env_CPPFLAGS_value='-D_QNX_SOURCE=1 -fno-aggressive-loop-optimizations -DNDEBUG -I. -I/home/alex/diplom/nto/x86/o -I/home/alex/diplom/nto/x86 -I/home/alex/diplom/nto -I/home/alex/diplom -I/home/alex/diplom/.install/neutrino/x86/usr/include -I/home/alex/diplom/.install/neutrino/usr/include -I/home/alex/diplom/.install/neutrino/include -I/opt/kpdatrunkeip/target/neutrino/x86/usr/include -I/opt/kpdatrunkeip/target/neutrino/usr/include -I/opt/kpdatrunkeip/target/neutrino/include -DBUILDENV_qss'
ac_cv_env_CPP_set=
ac_cv_env_CPP_value=
ac_cv_env_LDFLAGS_set=set
ac_cv_env_LDFLAGS_value='-L. -L/opt/kpdatrunkeip/target/neutrino/x86/lib/gcc/8.3.0 -L/opt/kpdatrunkeip/target/neutrino/x86/usr/lib/gcc/8.3.0 -L/home/alex/diplom/.install/neutrino/x86/lib -L/home/alex/diplom/.install/neutrino/x86/usr/lib -L/opt/kpdatrunkeip/target/neutrino/x86/lib -L/opt/kpdatrunkeip/target/neutrino/x86/usr/lib    '
ac_cv_env_LIBS_set=
ac_cv_env_LIBS_value=
ac_cv_env_build_alias_set=set
ac_cv_env_build_alias_value=x86_64-linux-gnu
ac_cv_env_host_alias_set=set
ac_cv_env_host_alias_value=i486-pc-nto-qnx6.5.0
ac_cv_env_target_alias_set=
ac_cv_env_target_alias_value=
ac_cv_header_gost_gost_hash_h=no
ac_cv_header_inttypes_h=yes
ac_cv_header_memory_h=yes
ac_cv_header_stdc=yes
ac_cv_header_stdint_h=yes
ac_cv_header_stdlib_h=yes
ac_cv_header_string_h=yes
ac_cv_header_strings_h=yes
ac_cv_header_sys_stat_h=yes
ac_cv_header_sys_types_h=yes
ac_cv_header_unistd_h=yes
ac_cv_objext=o
ac_cv_path_EGREP='/usr/bin/grep -E'
ac_cv_path_GREP=/usr/bin/grep
ac_cv_path_install='/usr/bin/install -c'
ac_cv_path_mkdir=/usr/bin/mkdir
ac_cv_prog_AWK=gawk
ac_cv_prog_CC='i486-pc-nto-qnx6.5.0-gcc-8.3.0  '
ac_cv_prog_CPP='i486-pc-nto-qnx6.5.0-gcc-8.3.0   -E'
ac_cv_prog_STRIP=i486-pc-nto-qnx6.5.0-strip
ac_cv_prog_cc_c89=
ac_cv_prog_cc_g=yes
ac_cv_prog_make_make_set=yes
am_cv_CC_dependencies_compiler_type=none
am_cv_make_support_nested_variables=yes
am_cv_prog_cc_c_o=yes

## ----------------- ##
## Output variables. ##
## ----------------- ##

ACLOCAL=':'
AMDEPBACKSLASH='\'
AMDEP_FALSE='#'
AMDEP_TRUE=''
AMTAR='$${TAR-tar}'
AM_BACKSLASH='\'
AM_DEFAULT_V='$(AM_DEFAULT_VERBOSITY)'
AM_DEFAULT_VERBOSITY='1'
AM_V='$(V)'
AUTOCONF=':'
AUTOHEADER=':'
AUTOMAKE=':'
AWK='gawk'
CC='i486-pc-nto-qnx6.5.0-gcc-8.3.0  '
CCDEPMODE='depmode=none'
CFLAGS='-D_QNX_SOURCE=1 -fno-aggressive-loop-optimizations -DNDEBUG   -I. -I/home/alex/diplom/nto/x86/o -I/home/alex/diplom/nto/x86 -I/home/alex/diplom/nto -I/home/alex/diplom -I/home/alex/diplom/.install/neutrino/x86/usr/include -I/home/alex/diplom/.install/neutrino/usr/include -I/home/alex/diplom/.install/neutrino/include -I/opt/kpdatrunkeip/target/neutrino/x86/usr/include -I/opt/kpdatrunkeip/target/neutrino/usr/include -I/opt/kpdatrunkeip/target/neutrino/include     -DBUILDENV_qss '
CPP='i486-pc-nto-qnx6.5.0-gcc-8.3.0   -E'
CPPFLAGS='-D_QNX_SOURCE=1 -fno-aggressive-loop-optimizations -DNDEBUG -I. -I/home/alex/diplom/nto/x86/o -I/home/alex/diplom/nto/x86 -I/home/alex/diplom/nto -I/home/alex/diplom -I/home/alex/diplom/.install/neutrino/x86/usr/include -I/home/alex/diplom/.install/neutrino/usr/include -I/home/alex/diplom/.install/neutrino/include -I/opt/kpdatrunkeip/target/neutrino/x86/usr/include -I/opt/kpdatrunkeip/target/neutrino/usr/include -I/opt/kpdatrunkeip/target/neutrino/include -DBUILDENV_qss'
CYGPATH_W='echo'
DEFS='-DHAVE_CONFIG_H'
DEPDIR='.deps'
ECHO_C=''
ECHO_N='-n'
ECHO_T=''
EGREP='/usr/bin/grep -E'
EXEEXT=''
GREP='/usr/bin/grep'
INSTALL_DATA='${INSTALL} -m 644'
INSTALL_PROGRAM='${INSTALL}'
INSTALL_SCRIPT='${INSTALL}'
INSTALL_STRIP_PROGRAM='$(install_sh) -c -s'
LDFLAGS='-L. -L/opt/kpdatrunkeip/target/neutrino/x86/lib/gcc/8.3.0 -L/opt/kpdatrunkeip/target/neutrino/x86/usr/lib/gcc/8.3.0 -L/home/alex/diplom/.install/neutrino/x86/lib -L/home/alex/diplom/.install/neutrino/x86/usr/lib -L/opt/kpdatrunkeip/target/neutrino/x86/lib -L/opt/kpdatrunkeip/target/neutrino/x86/usr/lib    '
LIBOBJS=''
LIBS=''
LTLIBOBJS=''
MAKEINFO='${SHELL} /home/alex/diplom/missing makeinfo'
MKDIR_P='/usr/bin/mkdir -p'
OBJEXT='o'
PACKAGE='zigbee_stack'
PACKAGE_BUGREPORT='you@example.com'
PACKAGE_NAME='zigbee_stack'
PACKAGE_STRING='zigbee_stack 1.0'
PACKAGE_TARNAME='zigbee_stack'
PACKAGE_URL=''
PACKAGE_VERSION='1.0'
PATH_SEPARATOR=':'
SET_MAKE=''
SHELL='/bin/bash'
STRIP='i486-pc-nto-qnx6.5.0-strip'
VERSION='1.0'
ac_ct_CC=''
am__EXEEXT_FALSE=''
am__EXEEXT_TRUE='#'
am__fastdepCC_FALSE=''
am__fastdepCC_TRUE='#'
am__include='include'
am__isrc=' -I$(srcdir)'
am__leading_dot='.'
am__nodep='_no'
am__quote=''
am__tar='$${TAR-tar} chof - "$$tardir"'
am__untar='$${TAR-tar} xf -'
bindir='${exec_prefix}/bin'
build_alias='x86_64-linux-gnu'
datadir='${datarootdir}'
datarootdir='${prefix}/share'
docdir='${datarootdir}/doc/${PACKAGE_TARNAME}'
dvidir='${docdir}'
exec_prefix='${prefix}'
host_alias='i486-pc-nto-qnx6.5.0'
htmldir='${docdir}'
includedir='${prefix}/include'
infodir='${datarootdir}/info'
install_sh='${SHELL} /home/alex/diplom/install-sh'
libdir='${exec_prefix}/lib'
libexecdir='${exec_prefix}/libexec'
localedir='${datarootdir}/locale'
localstatedir='${prefix}/var'
mandir='${datarootdir}/man'
mkdir_p='$(MKDIR_P)'
oldincludedir='/usr/include'
pdfdir='${docdir}'
prefix='/usr'
program_transform_name='s,x,x,'
psdir='${docdir}'
runstatedir='${localstatedir}/run'
sbindir='${exec_prefix}/sbin'
sharedstatedir='${prefix}/com'
sysconfdir='${prefix}/etc'
target_alias=''

## ----------- ##
## confdefs.h. ##
## ----------- ##

/* confdefs.h */
#define PACKAGE_NAME "zigbee_stack"
#define PACKAGE_TARNAME "zigbee_stack"
#define PACKAGE_VERSION "1.0"
#define PACKAGE_STRING "zigbee_stack 1.0"
#define PACKAGE_BUGREPORT "you@example.com"
#define PACKAGE_URL ""
#define PACKAGE "zigbee_stack"
#define VERSION "1.0"
#define STDC_HEADERS 1
#define HAVE_SYS_TYPES_H 1
#define HAVE_SYS_STAT_H 1
#define HAVE_STDLIB_H 1
#define HAVE_STRING_H 1
#define HAVE_MEMORY_H 1
#define HAVE_STRINGS_H 1
#define HAVE_INTTYPES_H 1
#define HAVE_STDINT_H 1
#define HAVE_UNISTD_H 1
#define HAVE_STDINT_H 1
#define HAVE_STDLIB_H 1
#define HAVE_STRING_H 1

configure: exit 1
